<?xml version="1.0" encoding="UTF-8"?>
<!-- Generated by org.testng.reporters.JUnitXMLReporter -->
<testsuite hostname="LAPTOP-Q06Q743C" ignored="0" name="Default test" tests="4" failures="0" timestamp="2020-08-23T16:26:50 IST" time="41.782" errors="0">
  <testcase name="invalidLogin" time="2.006" classname="regressionScripts.Regression"/>
  <testcase name="sendBugReport" time="5.029" classname="regressionScripts.Regression"/>
  <testcase name="validLoginLogout" time="1.477" classname="regressionScripts.Regression"/>
  <testcase name="verifyActiTimeVersion" time="3.805" classname="regressionScripts.Regression"/>
</testsuite> <!-- Default test -->
