<?xml version="1.0" encoding="UTF-8"?>
<!-- Generated by org.testng.reporters.JUnitXMLReporter -->
<testsuite hostname="LAPTOP-Q06Q743C" ignored="1" name="Test_Chrome" tests="3" failures="0" timestamp="2020-08-18T02:12:57 IST" time="39.77" errors="0">
  <testcase name="invalidLogin" time="3.218" classname="regressionScripts.Regression"/>
  <testcase name="sendBugReport" time="8.379" classname="regressionScripts.Regression"/>
  <testcase name="validLoginLogout" time="2.415" classname="regressionScripts.Regression"/>
  <testcase name="verifyActiTimeVersion" time="0.0" classname="regressionScripts.Regression">
    <ignored/>
  </testcase> <!-- verifyActiTimeVersion -->
</testsuite> <!-- Test_Chrome -->
