<?xml version="1.0" encoding="UTF-8"?>
<!-- Generated by org.testng.reporters.JUnitXMLReporter -->
<testsuite hostname="LAPTOP-Q06Q743C" ignored="1" name="Test_Firefox" tests="3" failures="0" timestamp="2020-08-18T02:13:04 IST" time="46.859" errors="0">
  <testcase name="invalidLogin" time="0.998" classname="regressionScripts.Regression"/>
  <testcase name="sendBugReport" time="3.537" classname="regressionScripts.Regression"/>
  <testcase name="validLoginLogout" time="1.463" classname="regressionScripts.Regression"/>
  <testcase name="verifyActiTimeVersion" time="0.0" classname="regressionScripts.Regression">
    <ignored/>
  </testcase> <!-- verifyActiTimeVersion -->
</testsuite> <!-- Test_Firefox -->
