<?xml version="1.0" encoding="UTF-8"?>
<testng-results skipped="0" failed="0" ignored="0" total="4" passed="4">
  <reporter-output>
  </reporter-output>
  <suite name="Default suite" duration-ms="41782" started-at="2020-08-23T16:26:08 IST" finished-at="2020-08-23T16:26:50 IST">
    <groups>
    </groups>
    <test name="Default test" duration-ms="41782" started-at="2020-08-23T16:26:08 IST" finished-at="2020-08-23T16:26:50 IST">
      <class name="regressionScripts.Regression">
        <test-method status="PASS" signature="openApp(java.lang.String)[pri:0, instance:regressionScripts.Regression@1efed156]" name="openApp" is-config="true" duration-ms="7534" started-at="2020-08-23T16:26:08 IST" finished-at="2020-08-23T16:26:16 IST">
          <params>
            <param index="0">
              <value>
                <![CDATA[chrome]]>
              </value>
            </param>
          </params>
          <reporter-output>
          </reporter-output>
        </test-method> <!-- openApp -->
        <test-method status="PASS" signature="invalidLogin()[pri:0, instance:regressionScripts.Regression@1efed156]" name="invalidLogin" duration-ms="2006" started-at="2020-08-23T16:26:16 IST" finished-at="2020-08-23T16:26:18 IST">
          <reporter-output>
          </reporter-output>
        </test-method> <!-- invalidLogin -->
        <test-method status="PASS" signature="closeApp(org.testng.ITestResult)[pri:0, instance:regressionScripts.Regression@1efed156]" name="closeApp" is-config="true" duration-ms="817" started-at="2020-08-23T16:26:18 IST" finished-at="2020-08-23T16:26:18 IST">
          <params>
            <param index="0">
              <value>
                <![CDATA[[TestResult name=invalidLogin status=SUCCESS method=Regression.invalidLogin()[pri:0, instance:regressionScripts.Regression@1efed156] output={null}]]]>
              </value>
            </param>
          </params>
          <reporter-output>
          </reporter-output>
        </test-method> <!-- closeApp -->
        <test-method status="PASS" signature="openApp(java.lang.String)[pri:0, instance:regressionScripts.Regression@1efed156]" name="openApp" is-config="true" duration-ms="5913" started-at="2020-08-23T16:26:18 IST" finished-at="2020-08-23T16:26:24 IST">
          <params>
            <param index="0">
              <value>
                <![CDATA[chrome]]>
              </value>
            </param>
          </params>
          <reporter-output>
          </reporter-output>
        </test-method> <!-- openApp -->
        <test-method status="PASS" signature="sendBugReport()[pri:0, instance:regressionScripts.Regression@1efed156]" name="sendBugReport" duration-ms="5029" started-at="2020-08-23T16:26:24 IST" finished-at="2020-08-23T16:26:29 IST">
          <reporter-output>
          </reporter-output>
        </test-method> <!-- sendBugReport -->
        <test-method status="PASS" signature="closeApp(org.testng.ITestResult)[pri:0, instance:regressionScripts.Regression@1efed156]" name="closeApp" is-config="true" duration-ms="847" started-at="2020-08-23T16:26:29 IST" finished-at="2020-08-23T16:26:30 IST">
          <params>
            <param index="0">
              <value>
                <![CDATA[[TestResult name=sendBugReport status=SUCCESS method=Regression.sendBugReport()[pri:0, instance:regressionScripts.Regression@1efed156] output={null}]]]>
              </value>
            </param>
          </params>
          <reporter-output>
          </reporter-output>
        </test-method> <!-- closeApp -->
        <test-method status="PASS" signature="openApp(java.lang.String)[pri:0, instance:regressionScripts.Regression@1efed156]" name="openApp" is-config="true" duration-ms="6461" started-at="2020-08-23T16:26:30 IST" finished-at="2020-08-23T16:26:37 IST">
          <params>
            <param index="0">
              <value>
                <![CDATA[chrome]]>
              </value>
            </param>
          </params>
          <reporter-output>
          </reporter-output>
        </test-method> <!-- openApp -->
        <test-method status="PASS" signature="validLoginLogout()[pri:0, instance:regressionScripts.Regression@1efed156]" name="validLoginLogout" duration-ms="1477" started-at="2020-08-23T16:26:37 IST" finished-at="2020-08-23T16:26:38 IST">
          <reporter-output>
          </reporter-output>
        </test-method> <!-- validLoginLogout -->
        <test-method status="PASS" signature="closeApp(org.testng.ITestResult)[pri:0, instance:regressionScripts.Regression@1efed156]" name="closeApp" is-config="true" duration-ms="848" started-at="2020-08-23T16:26:38 IST" finished-at="2020-08-23T16:26:39 IST">
          <params>
            <param index="0">
              <value>
                <![CDATA[[TestResult name=validLoginLogout status=SUCCESS method=Regression.validLoginLogout()[pri:0, instance:regressionScripts.Regression@1efed156] output={null}]]]>
              </value>
            </param>
          </params>
          <reporter-output>
          </reporter-output>
        </test-method> <!-- closeApp -->
        <test-method status="PASS" signature="openApp(java.lang.String)[pri:0, instance:regressionScripts.Regression@1efed156]" name="openApp" is-config="true" duration-ms="6134" started-at="2020-08-23T16:26:39 IST" finished-at="2020-08-23T16:26:45 IST">
          <params>
            <param index="0">
              <value>
                <![CDATA[chrome]]>
              </value>
            </param>
          </params>
          <reporter-output>
          </reporter-output>
        </test-method> <!-- openApp -->
        <test-method status="PASS" signature="verifyActiTimeVersion()[pri:0, instance:regressionScripts.Regression@1efed156]" name="verifyActiTimeVersion" duration-ms="3805" started-at="2020-08-23T16:26:45 IST" finished-at="2020-08-23T16:26:49 IST">
          <reporter-output>
          </reporter-output>
        </test-method> <!-- verifyActiTimeVersion -->
        <test-method status="PASS" signature="closeApp(org.testng.ITestResult)[pri:0, instance:regressionScripts.Regression@1efed156]" name="closeApp" is-config="true" duration-ms="839" started-at="2020-08-23T16:26:49 IST" finished-at="2020-08-23T16:26:50 IST">
          <params>
            <param index="0">
              <value>
                <![CDATA[[TestResult name=verifyActiTimeVersion status=SUCCESS method=Regression.verifyActiTimeVersion()[pri:0, instance:regressionScripts.Regression@1efed156] output={null}]]]>
              </value>
            </param>
          </params>
          <reporter-output>
          </reporter-output>
        </test-method> <!-- closeApp -->
      </class> <!-- regressionScripts.Regression -->
    </test> <!-- Default test -->
  </suite> <!-- Default suite -->
</testng-results>
